# JRE version: Java(TM) SE Runtime Environment (16.0.1+9) (build 16.0.1+9-24)
# Java VM: Java HotSpot(TM) 64-Bit Server VM (16.0.1+9-24, mixed mode, sharing, tiered, compressed oops, compressed class ptrs, g1 gc, windows-amd64)
GC Precious Log:
 CPUs: 8 total, 8 available
 Memory: 20226M
 Large Page Support: Disabled
 NUMA Support: Disabled
 Compressed Oops: Enabled (Zero based)
 Heap Region Size: 2M
 Heap Min Capacity: 8M
 Heap Initial Capacity: 318M
 Heap Max Capacity: 4G
 Pre-touch: Disabled
 Parallel Workers: 8
 Concurrent Workers: 2
 Concurrent Refinement Workers: 8
 Periodic GC: Disabled
Heap:
 garbage-first heap   total 935936K, used 290695K [0x0000000700000000, 0x0000000800000000)
  region size 2048K, 4 young (8192K), 4 survivors (8192K)
 Metaspace       used 187172K, committed 190656K, reserved 1220608K
  class space    used 23442K, committed 25088K, reserved 1048576K
GC Heap History (20 events):
Event: 12511.098 GC heap after
{Heap after GC invocations=250 (full 0):
 garbage-first heap   total 772096K, used 368439K [0x0000000700000000, 0x0000000800000000)
  region size 2048K, 12 young (24576K), 12 survivors (24576K)
 Metaspace       used 184411K, committed 187904K, reserved 1212416K
  class space    used 23110K, committed 24768K, reserved 1048576K
}
Event: 12548.867 GC heap before
{Heap before GC invocations=251 (full 0):
 garbage-first heap   total 772096K, used 610103K [0x0000000700000000, 0x0000000800000000)
  region size 2048K, 122 young (249856K), 12 survivors (24576K)
 Metaspace       used 185322K, committed 188800K, reserved 1220608K
  class space    used 23242K, committed 24896K, reserved 1048576K
}
Event: 12548.878 GC heap after
{Heap after GC invocations=252 (full 0):
 garbage-first heap   total 772096K, used 337568K [0x0000000700000000, 0x0000000800000000)
  region size 2048K, 6 young (12288K), 6 survivors (12288K)
 Metaspace       used 185322K, committed 188800K, reserved 1220608K
  class space    used 23242K, committed 24896K, reserved 1048576K
}
Event: 12550.353 GC heap before
{Heap before GC invocations=252 (full 0):
 garbage-first heap   total 772096K, used 466592K [0x0000000700000000, 0x0000000800000000)
  region size 2048K, 71 young (145408K), 6 survivors (12288K)
 Metaspace       used 186949K, committed 190464K, reserved 1220608K
  class space    used 23444K, committed 25088K, reserved 1048576K
}
Event: 12550.365 GC heap after
{Heap after GC invocations=253 (full 0):
 garbage-first heap   total 772096K, used 350478K [0x0000000700000000, 0x0000000800000000)
  region size 2048K, 12 young (24576K), 12 survivors (24576K)
 Metaspace       used 186949K, committed 190464K, reserved 1220608K
  class space    used 23444K, committed 25088K, reserved 1048576K
}
Event: 12550.520 GC heap before
{Heap before GC invocations=253 (full 0):
 garbage-first heap   total 878592K, used 530702K [0x0000000700000000, 0x0000000800000000)
  region size 2048K, 134 young (274432K), 12 survivors (24576K)
 Metaspace       used 186949K, committed 190464K, reserved 1220608K
  class space    used 23444K, committed 25088K, reserved 1048576K
}
Event: 12550.532 GC heap after
{Heap after GC invocations=254 (full 0):
 garbage-first heap   total 878592K, used 285949K [0x0000000700000000, 0x0000000800000000)
  region size 2048K, 12 young (24576K), 12 survivors (24576K)
 Metaspace       used 186949K, committed 190464K, reserved 1220608K
  class space    used 23444K, committed 25088K, reserved 1048576K
}
Event: 12556.256 GC heap before
{Heap before GC invocations=255 (full 0):
 garbage-first heap   total 878592K, used 650493K [0x0000000700000000, 0x0000000800000000)
  region size 2048K, 190 young (389120K), 12 survivors (24576K)
 Metaspace       used 187109K, committed 190592K, reserved 1220608K
  class space    used 23460K, committed 25088K, reserved 1048576K
}
Event: 12556.282 GC heap after
{Heap after GC invocations=256 (full 0):
 garbage-first heap   total 878592K, used 288451K [0x0000000700000000, 0x0000000800000000)
  region size 2048K, 13 young (26624K), 13 survivors (26624K)
 Metaspace       used 187109K, committed 190592K, reserved 1220608K
  class space    used 23460K, committed 25088K, reserved 1048576K
}
Event: 12556.629 GC heap before
{Heap before GC invocations=256 (full 0):
 garbage-first heap   total 878592K, used 302787K [0x0000000700000000, 0x0000000800000000)
  region size 2048K, 21 young (43008K), 13 survivors (26624K)
 Metaspace       used 187116K, committed 190592K, reserved 1220608K
  class space    used 23460K, committed 25088K, reserved 1048576K
}
Event: 12556.680 GC heap after
{Heap after GC invocations=257 (full 0):
 garbage-first heap   total 878592K, used 238173K [0x0000000700000000, 0x0000000800000000)
  region size 2048K, 3 young (6144K), 3 survivors (6144K)
 Metaspace       used 187116K, committed 190592K, reserved 1220608K
  class space    used 23460K, committed 25088K, reserved 1048576K
}
Event: 12569.770 GC heap before
{Heap before GC invocations=257 (full 0):
 garbage-first heap   total 878592K, used 647773K [0x0000000700000000, 0x0000000800000000)
  region size 2048K, 204 young (417792K), 3 survivors (6144K)
 Metaspace       used 187204K, committed 190656K, reserved 1220608K
  class space    used 23461K, committed 25088K, reserved 1048576K
}
Event: 12569.800 GC heap after
{Heap after GC invocations=258 (full 0):
 garbage-first heap   total 878592K, used 263207K [0x0000000700000000, 0x0000000800000000)
  region size 2048K, 16 young (32768K), 16 survivors (32768K)
 Metaspace       used 187204K, committed 190656K, reserved 1220608K
  class space    used 23461K, committed 25088K, reserved 1048576K
}
Event: 12570.221 GC heap before
{Heap before GC invocations=259 (full 0):
 garbage-first heap   total 878592K, used 658471K [0x0000000700000000, 0x0000000800000000)
  region size 2048K, 211 young (432128K), 16 survivors (32768K)
 Metaspace       used 187137K, committed 190656K, reserved 1220608K
  class space    used 23441K, committed 25088K, reserved 1048576K
}
Event: 12570.247 GC heap after
{Heap after GC invocations=260 (full 0):
 garbage-first heap   total 878592K, used 288951K [0x0000000700000000, 0x0000000800000000)
  region size 2048K, 27 young (55296K), 27 survivors (55296K)
 Metaspace       used 187137K, committed 190656K, reserved 1220608K
  class space    used 23441K, committed 25088K, reserved 1048576K
}
Event: 12570.686 GC heap before
{Heap before GC invocations=260 (full 0):
 garbage-first heap   total 878592K, used 669879K [0x0000000700000000, 0x0000000800000000)
  region size 2048K, 214 young (438272K), 27 survivors (55296K)
 Metaspace       used 187157K, committed 190656K, reserved 1220608K
  class space    used 23442K, committed 25088K, reserved 1048576K
}
Event: 12570.705 GC heap after
{Heap after GC invocations=261 (full 0):
 garbage-first heap   total 878592K, used 291647K [0x0000000700000000, 0x0000000800000000)
  region size 2048K, 4 young (8192K), 4 survivors (8192K)
 Metaspace       used 187157K, committed 190656K, reserved 1220608K
  class space    used 23442K, committed 25088K, reserved 1048576K
}
Event: 12571.210 GC heap before
{Heap before GC invocations=262 (full 0):
 garbage-first heap   total 878592K, used 691007K [0x0000000700000000, 0x0000000800000000)
  region size 2048K, 199 young (407552K), 4 survivors (8192K)
 Metaspace       used 187162K, committed 190656K, reserved 1220608K
  class space    used 23442K, committed 25088K, reserved 1048576K
}
Event: 12571.219 GC heap after
{Heap after GC invocations=263 (full 0):
 garbage-first heap   total 878592K, used 289178K [0x0000000700000000, 0x0000000800000000)
  region size 2048K, 3 young (6144K), 3 survivors (6144K)
 Metaspace       used 187162K, committed 190656K, reserved 1220608K
  class space    used 23442K, committed 25088K, reserved 1048576K
}
Event: 12571.647 GC heap before
{Heap before GC invocations=263 (full 0):
 garbage-first heap   total 878592K, used 706970K [0x0000000700000000, 0x0000000800000000)
  region size 2048K, 207 young (423936K), 3 survivors (6144K)
 Metaspace       used 187172K, committed 190656K, reserved 1220608K
  class space    used 23442K, committed 25088K, reserved 1048576K
}

